<?xml version="1.0" encoding="UTF-8"?>
<!-- Generated by org.testng.reporters.JUnitReportReporter -->
<testsuite hostname="LAPTOP-J1S491B6" failures="0" tests="1" name="f1_TestCases.T01_TextBox" time="9.043" errors="0" timestamp="2023-07-17T12:09:45 IST" skipped="0">
  <testcase classname="f1_TestCases.T01_TextBox" name="textBox" time="9.043"/>
</testsuite> <!-- f1_TestCases.T01_TextBox -->
